<?xml version="1.0" encoding="UTF-8"?>
<testng-results ignored="0" total="2" passed="2" failed="0" skipped="0">
  <reporter-output>
  </reporter-output>
  <suite started-at="2021-12-12T13:33:31 GMT-08:00" name="Default suite" finished-at="2021-12-12T13:33:56 GMT-08:00" duration-ms="24649">
    <groups>
      <group name="smoke">
        <method signature="FirstTestCase.test1()[pri:1, instance:AutomationTests.FirstTestCase@69b2283a]" name="test1" class="AutomationTests.FirstTestCase"/>
      </group> <!-- smoke -->
    </groups>
    <test started-at="2021-12-12T13:33:31 GMT-08:00" name="Default test" finished-at="2021-12-12T13:33:56 GMT-08:00" duration-ms="24649">
      <class name="AutomationTests.FirstTestCase">
        <test-method is-config="true" signature="launchBrowser()[pri:0, instance:AutomationTests.FirstTestCase@69b2283a]" started-at="2021-12-12T13:33:31 GMT-08:00" name="launchBrowser" finished-at="2021-12-12T13:33:52 GMT-08:00" duration-ms="20795" status="PASS">
          <reporter-output>
          </reporter-output>
        </test-method> <!-- launchBrowser -->
        <test-method signature="test1()[pri:1, instance:AutomationTests.FirstTestCase@69b2283a]" started-at="2021-12-12T13:33:52 GMT-08:00" name="test1" finished-at="2021-12-12T13:33:55 GMT-08:00" duration-ms="3404" status="PASS">
          <reporter-output>
          </reporter-output>
        </test-method> <!-- test1 -->
        <test-method signature="test2()[pri:2, instance:AutomationTests.FirstTestCase@69b2283a]" started-at="2021-12-12T13:33:55 GMT-08:00" name="test2" finished-at="2021-12-12T13:33:56 GMT-08:00" duration-ms="91" status="PASS">
          <reporter-output>
          </reporter-output>
        </test-method> <!-- test2 -->
        <test-method is-config="true" signature="terminateBrowser()[pri:0, instance:AutomationTests.FirstTestCase@69b2283a]" started-at="2021-12-12T13:33:56 GMT-08:00" name="terminateBrowser" finished-at="2021-12-12T13:33:56 GMT-08:00" duration-ms="283" status="PASS">
          <reporter-output>
          </reporter-output>
        </test-method> <!-- terminateBrowser -->
      </class> <!-- AutomationTests.FirstTestCase -->
    </test> <!-- Default test -->
  </suite> <!-- Default suite -->
</testng-results>
